<?xml version="1.0" encoding="UTF-8"?>
<!-- Generated by org.testng.reporters.JUnitReportReporter -->
<testsuite skipped="0" hostname="LAPTOP-V0V7TOLB" name="Cases.Login" tests="7" failures="0" timestamp="30 四月 2020 14:54:10 GMT" time="1.611" errors="0">
  <testcase name="Login" time="1.236" classname="Cases.Login"/>
  <testcase name="Login" time="0.063" classname="Cases.Login"/>
  <testcase name="Login" time="0.047" classname="Cases.Login"/>
  <testcase name="Login" time="0.078" classname="Cases.Login"/>
  <testcase name="Login" time="0.062" classname="Cases.Login"/>
  <testcase name="Login" time="0.063" classname="Cases.Login"/>
  <testcase name="Login" time="0.062" classname="Cases.Login"/>
</testsuite> <!-- Cases.Login -->
